#-----------------------------------------------------------
# Vivado v2020.2 (64-bit)
# SW Build 3064766 on Wed Nov 18 09:12:45 MST 2020
# IP Build 3064653 on Wed Nov 18 14:17:31 MST 2020
# Start of session at: Wed Mar 12 22:20:51 2025
# Process ID: 14524
# Current directory: D:/Mtech/Vivado/frequency_divider
# Command line: vivado.exe -gui_launcher_event rodinguilauncherevent14716 D:\Mtech\Vivado\frequency_divider\frequency_divider.xpr
# Log file: D:/Mtech/Vivado/frequency_divider/vivado.log
# Journal file: D:/Mtech/Vivado/frequency_divider\vivado.jou
#-----------------------------------------------------------
start_gui
open_project D:/Mtech/Vivado/frequency_divider/frequency_divider.xpr
WARNING: [filemgmt 56-3] Default IP Output Path : Could not find the directory 'D:/Mtech/Vivado/frequency_divider/frequency_divider.gen/sources_1'.
Scanning sources...
Finished scanning sources
INFO: [IP_Flow 19-234] Refreshing IP repositories
INFO: [IP_Flow 19-1704] No user IP repositories specified
INFO: [IP_Flow 19-2313] Loaded Vivado IP repository 'C:/Xilinx/Vivado/2020.2/data/ip'.
open_project: Time (s): cpu = 00:00:03 ; elapsed = 00:00:09 . Memory (MB): peak = 1075.793 ; gain = 0.000
update_compile_order -fileset sources_1
exit
INFO: [Common 17-206] Exiting Vivado at Wed Mar 12 22:21:51 2025...
