INFO: [VRFC 10-2263] Analyzing Verilog file "D:/Mtech/Vivado/frequency_divider/frequency_divider.sim/sim_1/synth/func/xsim/clock_dividerTB_func_synth.v" into library xil_defaultlib
INFO: [VRFC 10-311] analyzing module Tflipflop_IP
INFO: [VRFC 10-311] analyzing module Tflipflop_IP_0
INFO: [VRFC 10-311] analyzing module Tflipflop_IP_1
INFO: [VRFC 10-311] analyzing module Tflipflop_IP_10
INFO: [VRFC 10-311] analyzing module Tflipflop_IP_11
INFO: [VRFC 10-311] analyzing module Tflipflop_IP_12
INFO: [VRFC 10-311] analyzing module Tflipflop_IP_13
INFO: [VRFC 10-311] analyzing module Tflipflop_IP_14
INFO: [VRFC 10-311] analyzing module Tflipflop_IP_15
INFO: [VRFC 10-311] analyzing module Tflipflop_IP_16
INFO: [VRFC 10-311] analyzing module Tflipflop_IP_17
INFO: [VRFC 10-311] analyzing module Tflipflop_IP_18
INFO: [VRFC 10-311] analyzing module Tflipflop_IP_19
INFO: [VRFC 10-311] analyzing module Tflipflop_IP_2
INFO: [VRFC 10-311] analyzing module Tflipflop_IP_20
INFO: [VRFC 10-311] analyzing module Tflipflop_IP_21
INFO: [VRFC 10-311] analyzing module Tflipflop_IP_22
INFO: [VRFC 10-311] analyzing module Tflipflop_IP_23
INFO: [VRFC 10-311] analyzing module Tflipflop_IP_24
INFO: [VRFC 10-311] analyzing module Tflipflop_IP_3
INFO: [VRFC 10-311] analyzing module Tflipflop_IP_4
INFO: [VRFC 10-311] analyzing module Tflipflop_IP_5
INFO: [VRFC 10-311] analyzing module Tflipflop_IP_6
INFO: [VRFC 10-311] analyzing module Tflipflop_IP_7
INFO: [VRFC 10-311] analyzing module Tflipflop_IP_8
INFO: [VRFC 10-311] analyzing module Tflipflop_IP_9
INFO: [VRFC 10-311] analyzing module clock_divider
INFO: [VRFC 10-311] analyzing module glbl
INFO: [VRFC 10-2263] Analyzing Verilog file "D:/Mtech/Vivado/shifters/shifters.srcs/sim_1/new/clock_dividerTB.v" into library xil_defaultlib
INFO: [VRFC 10-311] analyzing module clock_dividerTB
