Vivado Simulator 2020.2
Copyright 1986-1999, 2001-2020 Xilinx, Inc. All Rights Reserved.
Running: C:/Xilinx/Vivado/2020.2/bin/unwrapped/win64.o/xelab.exe -wto 7f6124fcfbbc46d1a3fd3b09559af907 --incr --debug typical --relax --mt 2 -L xil_defaultlib -L unisims_ver -L secureip --snapshot clock_dividerTB_func_synth xil_defaultlib.clock_dividerTB xil_defaultlib.glbl -log elaborate.log 
Using 2 slave threads.
Starting static elaboration
Pass Through NonSizing Optimizer
Completed static elaboration
Starting simulation data flow analysis
Completed simulation data flow analysis
Time Resolution for simulation is 1ps
Compiling module unisims_ver.BUFG
Compiling module unisims_ver.IBUF
Compiling module unisims_ver.FDRE_default
Compiling module unisims_ver.x_lut1_mux2
Compiling module unisims_ver.LUT1
Compiling module xil_defaultlib.Tflipflop_IP
Compiling module xil_defaultlib.Tflipflop_IP_0
Compiling module xil_defaultlib.Tflipflop_IP_1
Compiling module xil_defaultlib.Tflipflop_IP_2
Compiling module xil_defaultlib.Tflipflop_IP_3
Compiling module xil_defaultlib.Tflipflop_IP_4
Compiling module xil_defaultlib.Tflipflop_IP_5
Compiling module xil_defaultlib.Tflipflop_IP_6
Compiling module xil_defaultlib.Tflipflop_IP_7
Compiling module xil_defaultlib.Tflipflop_IP_8
Compiling module xil_defaultlib.Tflipflop_IP_9
Compiling module xil_defaultlib.Tflipflop_IP_10
Compiling module xil_defaultlib.Tflipflop_IP_11
Compiling module xil_defaultlib.Tflipflop_IP_12
Compiling module xil_defaultlib.Tflipflop_IP_13
Compiling module xil_defaultlib.Tflipflop_IP_14
Compiling module xil_defaultlib.Tflipflop_IP_15
Compiling module xil_defaultlib.Tflipflop_IP_16
Compiling module xil_defaultlib.Tflipflop_IP_17
Compiling module xil_defaultlib.Tflipflop_IP_18
Compiling module xil_defaultlib.Tflipflop_IP_19
Compiling module xil_defaultlib.Tflipflop_IP_20
Compiling module xil_defaultlib.Tflipflop_IP_21
Compiling module xil_defaultlib.Tflipflop_IP_22
Compiling module xil_defaultlib.Tflipflop_IP_23
Compiling module xil_defaultlib.Tflipflop_IP_24
Compiling module unisims_ver.OBUF
Compiling module xil_defaultlib.clock_divider
Compiling module xil_defaultlib.clock_dividerTB
Compiling module xil_defaultlib.glbl
Built simulation snapshot clock_dividerTB_func_synth
